[debug] ----------------------------------------------------------------------
[debug] Command:      /usr/local/Cellar/node/7.7.1_1/bin/node /usr/local/bin/firebase deploy
[debug] CLI Version:  3.6.1
[debug] Platform:     darwin
[debug] Node Version: v7.7.1
[debug] Time:         Sat Apr 22 2017 15:35:22 GMT-0500 (CDT)
[debug] ----------------------------------------------------------------------
[debug] 
[debug] > command requires scopes: ["email","openid","https://www.googleapis.com/auth/cloudplatformprojects.readonly","https://www.googleapis.com/auth/firebase","https://www.googleapis.com/auth/cloud-platform"]
[debug] >>> HTTP REQUEST GET https://admin.firebase.com/v1/projects/semo-capston-haiti  
 Sat Apr 22 2017 15:35:22 GMT-0500 (CDT)
[debug] <<< HTTP RESPONSE 200
[debug] >>> HTTP REQUEST GET https://admin.firebase.com/v1/database/semo-capston-haiti/tokens  
 Sat Apr 22 2017 15:35:23 GMT-0500 (CDT)
[debug] <<< HTTP RESPONSE 200
[info] 
[info] === Deploying to 'semo-capston-haiti'...
[info] 
[info] i  deploying database, hosting
[info] ✔  database: rules ready to deploy.
[info] i  hosting: preparing dist directory for upload...
[debug] >>> HTTP REQUEST PUT https://deploy.firebase.com/v1/hosting/semo-capston-haiti/uploads/-KiMN5I36KxAirkWiCXX?fileCount=96&message=  
 Sat Apr 22 2017 15:35:26 GMT-0500 (CDT)
